INFO:root:New agent registered: 7e802973-685d-4400-a928-f9c9098f0c5f
INFO:root:New agent registered: 18c0f7ba-7507-4db0-85de-f7003231866b
INFO:root:New agent registered: 18c0f7ba-7507-4db0-85de-f7003231866b
INFO:root:New agent registered: 18c0f7ba-7507-4db0-85de-f7003231866b
INFO:root:New agent registered: 18c0f7ba-7507-4db0-85de-f7003231866b
INFO:root:New agent registered: 26e4ff4e-7288-4de9-9cfd-1dbbca05f2c7
INFO:root:New agent registered: 500ff6c8-4ebd-4b47-a412-bfbe84e26e79
INFO:root:New agent registered: 500ff6c8-4ebd-4b47-a412-bfbe84e26e79
INFO:root:New agent registered: 500ff6c8-4ebd-4b47-a412-bfbe84e26e79
INFO:root:New agent registered: 058f2ac2-3060-46ed-ae7b-b05f1e97daa4
INFO:root:New agent registered: fdb8cf47-c2b8-4cf6-b743-07ac9d396b5e
INFO:root:New agent registered: 6f517ffc-d8d7-4572-ade8-bd9deb180ffe
INFO:root:New agent registered: fa3f9a81-a3f9-4733-9836-6a7c3bcaa0e3
INFO:root:New agent registered: fa3f9a81-a3f9-4733-9836-6a7c3bcaa0e3
INFO:root:New agent registered: fa3f9a81-a3f9-4733-9836-6a7c3bcaa0e3
INFO:root:New agent registered: fa3f9a81-a3f9-4733-9836-6a7c3bcaa0e3
INFO:root:New agent registered: fa3f9a81-a3f9-4733-9836-6a7c3bcaa0e3
INFO:root:New agent registered: fa3f9a81-a3f9-4733-9836-6a7c3bcaa0e3
INFO:root:New agent registered: fa3f9a81-a3f9-4733-9836-6a7c3bcaa0e3
INFO:root:Command sent to agent fa3f9a81-a3f9-4733-9836-6a7c3bcaa0e3: whoami
INFO:root:Agent fa3f9a81-a3f9-4733-9836-6a7c3bcaa0e3 executed command with result: desktop-t9bm19k\tester
INFO:root:Command sent to agent fa3f9a81-a3f9-4733-9836-6a7c3bcaa0e3: pyth
INFO:root:Command sent to agent fa3f9a81-a3f9-4733-9836-6a7c3bcaa0e3: python cli.py harevest_credentials
INFO:root:Agent fa3f9a81-a3f9-4733-9836-6a7c3bcaa0e3 executed command with result: 
INFO:root:Command sent to agent fa3f9a81-a3f9-4733-9836-6a7c3bcaa0e3: python cli.py harvest_credentials
INFO:root:Agent fa3f9a81-a3f9-4733-9836-6a7c3bcaa0e3 executed command with result: 
INFO:root:New agent registered: fa3f9a81-a3f9-4733-9836-6a7c3bcaa0e3
INFO:root:Command sent to agent fa3f9a81-a3f9-4733-9836-6a7c3bcaa0e3: python cli.py harvest_credentials
INFO:root:Command sent to agent fa3f9a81-a3f9-4733-9836-6a7c3bcaa0e3: python cli.py harvest_credentials
INFO:root:Agent fa3f9a81-a3f9-4733-9836-6a7c3bcaa0e3 executed command with result: 
INFO:root:Agent fa3f9a81-a3f9-4733-9836-6a7c3bcaa0e3 executed command with result: 
INFO:root:Command sent to agent fa3f9a81-a3f9-4733-9836-6a7c3bcaa0e3: python cli.py harvest_credentials
INFO:root:Agent fa3f9a81-a3f9-4733-9836-6a7c3bcaa0e3 executed command with result: 
INFO:root:New agent registered: fa3f9a81-a3f9-4733-9836-6a7c3bcaa0e3
INFO:root:Command sent to agent fa3f9a81-a3f9-4733-9836-6a7c3bcaa0e3: python cli.py harvest_credentials
INFO:root:Agent fa3f9a81-a3f9-4733-9836-6a7c3bcaa0e3 executed command with result: 
INFO:root:Command sent to agent fa3f9a81-a3f9-4733-9836-6a7c3bcaa0e3: python cli.py gather_system_info
INFO:root:Agent fa3f9a81-a3f9-4733-9836-6a7c3bcaa0e3 executed command with result: 
INFO:root:Command sent to agent fa3f9a81-a3f9-4733-9836-6a7c3bcaa0e3: Get-computerInnfo
INFO:root:Command sent to agent fa3f9a81-a3f9-4733-9836-6a7c3bcaa0e3: Get-ComputerInfo
INFO:root:Agent fa3f9a81-a3f9-4733-9836-6a7c3bcaa0e3 executed command with result: Microsoft.PowerShell.Commands.ComputerInfo
INFO:root:New agent registered: fa3f9a81-a3f9-4733-9836-6a7c3bcaa0e3
INFO:root:Command sent to agent fa3f9a81-a3f9-4733-9836-6a7c3bcaa0e3: Get-ComputerInfo
INFO:root:Agent fa3f9a81-a3f9-4733-9836-6a7c3bcaa0e3 executed command with result: Microsoft.PowerShell.Commands.ComputerInfo
INFO:root:Command sent to agent fa3f9a81-a3f9-4733-9836-6a7c3bcaa0e3: Get-Computerinfo
INFO:root:Agent fa3f9a81-a3f9-4733-9836-6a7c3bcaa0e3 executed command with result: 

WindowsBuildLabEx                                       : 19041.1.amd64fre.vb_release.19120
                                                          6-1406
WindowsCurrentVersion                                   : 6.3
WindowsEditionId                                        : ProfessionalEducation
WindowsInstallationType                                 : Client
WindowsInstallDateFromRegistry                          : 25/01/2025 10:21:31
WindowsProductId                                        : 00380-00000-00001-AA060
WindowsProductName                                      : Windows 10 Pro Education
WindowsRegisteredOrganization                           : 
WindowsRegisteredOwner                                  : Tester
WindowsSystemRoot                                       : C:\Windows
WindowsVersion                                          : 2009
BiosCharacteristics                                     : {4, 7, 15, 16...}
BiosBIOSVersion                                         : {VBOX   - 1}
BiosBuildNumber                                         : 
BiosCaption                                             : Default System BIOS
BiosCodeSet                                             : 
BiosCurrentLanguage                                     : 
BiosDescription                                         : Default System BIOS
BiosEmbeddedControllerMajorVersion                      : 110
BiosEmbeddedControllerMinorVersion                      : 111
BiosFirmwareType                                        : Bios
BiosIdentificationCode                                  : 
BiosInstallableLanguages                                : 
BiosInstallDate                                         : 
BiosLanguageEdition                                     : 
BiosListOfLanguages                                     : 
BiosManufacturer                                        : innotek GmbH
BiosName                                                : Default System BIOS
BiosOtherTargetOS                                       : 
BiosPrimaryBIOS                                         : True
BiosReleaseDate                                         : 01/12/2006 00:00:00
BiosSeralNumber                                         : 0
BiosSMBIOSBIOSVersion                                   : VirtualBox
BiosSMBIOSMajorVersion                                  : 2
BiosSMBIOSMinorVersion                                  : 5
BiosSMBIOSPresent                                       : True
BiosSoftwareElementState                                : Running
BiosStatus                                              : OK
BiosSystemBiosMajorVersion                              : 105
BiosSystemBiosMinorVersion                              : 110
BiosTargetOperatingSystem                               : 0
BiosVersion                                             : VBOX   - 1
CsAdminPasswordStatus                                   : Unknown
CsAutomaticManagedPagefile                              : True
CsAutomaticResetBootOption                              : True
CsAutomaticResetCapability                              : True
CsBootOptionOnLimit                                     : 
CsBootOptionOnWatchDog                                  : 
CsBootROMSupported                                      : True
CsBootStatus                                            : 
CsBootupState                                           : Normal boot
CsCaption                                               : DESKTOP-T9BM19K
CsChassisBootupState                                    : Safe
CsChassisSKUNumber                                      : 
CsCurrentTimeZone                                       : 0
CsDaylightInEffect                                      : False
CsDescription                                           : AT/AT COMPATIBLE
CsDNSHostName                                           : DESKTOP-T9BM19K
CsDomain                                                : WORKGROUP
CsDomainRole                                            : StandaloneWorkstation
CsEnableDaylightSavingsTime                             : True
CsFrontPanelResetStatus                                 : Unknown
CsHypervisorPresent                                     : True
CsInfraredSupported                                     : False
CsInitialLoadInfo                                       : 
CsInstallDate                                           : 
CsKeyboardPasswordStatus                                : Unknown
CsLastLoadInfo                                          : 
CsManufacturer                                          : innotek GmbH
CsModel                                                 : VirtualBox
CsName                                                  : DESKTOP-T9BM19K
CsNetworkAdapters                                       : {Ethernet}
CsNetworkServerModeEnabled                              : True
CsNumberOfLogicalProcessors                             : 1
CsNumberOfProcessors                                    : 1
CsProcessors                                            : {Intel(R) Core(TM) i7-2600 CPU @ 
                                                          3.40GHz}
CsOEMStringArray                                        : {vboxVer_7.0.16, vboxRev_162802}
CsPartOfDomain                                          : False
CsPauseAfterReset                                       : -1
CsPCSystemType                                          : Desktop
CsPCSystemTypeEx                                        : Desktop
CsPowerManagementCapabilities                           : 
CsPowerManagementSupported                              : 
CsPowerOnPasswordStatus                                 : Unknown
CsPowerState                                            : Unknown
CsPowerSupplyState                                      : Safe
CsPrimaryOwnerContact                                   : 
CsPrimaryOwnerName                                      : Tester
CsResetCapability                                       : Other
CsResetCount                                            : -1
CsResetLimit                                            : -1
CsRoles                                                 : {LM_Workstation, LM_Server, NT}
CsStatus                                                : OK
CsSupportContactDescription                             : 
CsSystemFamily                                          : Virtual Machine
CsSystemSKUNumber                                       : 
CsSystemType                                            : x64-based PC
CsThermalState                                          : Safe
CsTotalPhysicalMemory                                   : 4294496256
CsPhyicallyInstalledMemory                              : 
CsUserName                                              : DESKTOP-T9BM19K\Tester
CsWakeUpType                                            : PowerSwitch
CsWorkgroup                                             : WORKGROUP
OsName                                                  : Microsoft Windows 10 Pro 
                                                          Education
OsType                                                  : WINNT
OsOperatingSystemSKU                                    : 164
OsVersion                                               : 10.0.19045
OsCSDVersion                                            : 
OsBuildNumber                                           : 19045
OsHotFixes                                              : {KB5049621, KB5022502, 
                                                          KB5011048, KB5015684...}
OsBootDevice                                            : \Device\HarddiskVolume1
OsSystemDevice                                          : \Device\HarddiskVolume2
OsSystemDirectory                                       : C:\Windows\system32
OsSystemDrive                                           : C:
OsWindowsDirectory                                      : C:\Windows
OsCountryCode                                           : 1
OsCurrentTimeZone                                       : 0
OsLocaleID                                              : 0409
OsLocale                                                : en-US
OsLocalDateTime                                         : 01/02/2025 11:22:04
OsLastBootUpTime                                        : 01/02/2025 09:00:56
OsUptime                                                : 02:21:07.5392714
OsBuildType                                             : Multiprocessor Free
OsCodeSet                                               : 1252
OsDataExecutionPreventionAvailable                      : True
OsDataExecutionPrevention32BitApplications              : True
OsDataExecutionPreventionDrivers                        : True
OsDataExecutionPreventionSupportPolicy                  : OptIn
OsDebug                                                 : False
OsDistributed                                           : False
OsEncryptionLevel                                       : 256
OsForegroundApplicationBoost                            : Maximum
OsTotalVisibleMemorySize                                : 4193844
OsFreePhysicalMemory                                    : 2100304
OsTotalVirtualMemorySize                                : 5635636
OsFreeVirtualMemory                                     : 3472484
OsInUseVirtualMemory                                    : 2163152
OsTotalSwapSpaceSize                                    : 
OsSizeStoredInPagingFiles                               : 1441792
OsFreeSpaceInPagingFiles                                : 1378988
OsPagingFiles                                           : {C:\pagefile.sys}
OsHardwareAbstractionLayer                              : 10.0.19041.5072
OsInstallDate                                           : 25/01/2025 10:21:31
OsManufacturer                                          : Microsoft Corporation
OsMaxNumberOfProcesses                                  : 4294967295
OsMaxProcessMemorySize                                  : 137438953344
OsMuiLanguages                                          : {en-US}
OsNumberOfLicensedUsers                                 : 
OsNumberOfProcesses                                     : 123
OsNumberOfUsers                                         : 2
OsOrganization                                          : 
OsArchitecture                                          : 64-bit
OsLanguage                                              : en-US
OsProductSuites                                         : {TerminalServicesSingleSession}
OsOtherTypeDescription                                  : 
OsPAEEnabled                                            : 
OsPortableOperatingSystem                               : False
OsPrimary                                               : True
OsProductType                                           : WorkStation
OsRegisteredUser                                        : Tester
OsSerialNumber                                          : 00380-00000-00001-AA060
OsServicePackMajorVersion                               : 0
OsServicePackMinorVersion                               : 0
OsStatus                                                : OK
OsSuites                                                : {TerminalServices, 
                                                          TerminalServicesSingleSession}
OsServerLevel                                           : 
KeyboardLayout                                          : en-GB
TimeZone                                                : (UTC+00:00) Dublin, Edinburgh, 
                                                          Lisbon, London
LogonServer                                             : \\DESKTOP-T9BM19K
PowerPlatformRole                                       : Desktop
HyperVisorPresent                                       : True
HyperVRequirementDataExecutionPreventionAvailable       : 
HyperVRequirementSecondLevelAddressTranslation          : 
HyperVRequirementVirtualizationFirmwareEnabled          : 
HyperVRequirementVMMonitorModeExtensions                : 
DeviceGuardSmartStatus                                  : Off
DeviceGuardRequiredSecurityProperties                   : 
DeviceGuardAvailableSecurityProperties                  : 
DeviceGuardSecurityServicesConfigured                   : 
DeviceGuardSecurityServicesRunning                      : 
DeviceGuardCodeIntegrityPolicyEnforcementStatus         : 
DeviceGuardUserModeCodeIntegrityPolicyEnforcementStatus : 




2025-02-01 11:30:43,497 INFO New agent registered: fa3f9a81-a3f9-4733-9836-6a7c3bcaa0e3
2025-02-01 11:31:38,774 INFO Command sent to agent fa3f9a81-a3f9-4733-9836-6a7c3bcaa0e3: .\windows_payload.ps1
2025-02-01 11:32:19,483 INFO Command sent to agent fa3f9a81-a3f9-4733-9836-6a7c3bcaa0e3: Get-SystemInfo
2025-02-01 11:35:57,000 INFO Command sent to agent fa3f9a81-a3f9-4733-9836-6a7c3bcaa0e3: Get-SystemInfoo
2025-02-01 11:40:04,047 INFO Command sent to agent fa3f9a81-a3f9-4733-9836-6a7c3bcaa0e3: .\windows_payload.ps1
2025-02-01 11:41:41,215 INFO Command sent to agent fa3f9a81-a3f9-4733-9836-6a7c3bcaa0e3: Get-SystemInfo
2025-02-01 11:54:49,105 INFO New agent registered: fa3f9a81-a3f9-4733-9836-6a7c3bcaa0e3
2025-02-01 11:55:35,837 INFO Command sent to agent fa3f9a81-a3f9-4733-9836-6a7c3bcaa0e3: stop
2025-02-01 11:55:58,320 INFO Command sent to agent fa3f9a81-a3f9-4733-9836-6a7c3bcaa0e3: .\windows_payload.ps1
2025-02-01 11:59:04,402 INFO Command sent to agent fa3f9a81-a3f9-4733-9836-6a7c3bcaa0e3: python cli.py deploy-payload windows
2025-02-01 12:04:02,806 INFO New agent registered: fa3f9a81-a3f9-4733-9836-6a7c3bcaa0e3
2025-02-01 12:26:32,497 INFO Command sent to agent fa3f9a81-a3f9-4733-9836-6a7c3bcaa0e3: .\windows_payload.ps1
2025-02-01 12:32:10,657 INFO New agent registered: fa3f9a81-a3f9-4733-9836-6a7c3bcaa0e3
2025-02-01 13:00:08,242 INFO New agent registered: fa3f9a81-a3f9-4733-9836-6a7c3bcaa0e3
2025-02-01 13:10:47,047 INFO Command sent to agent fa3f9a81-a3f9-4733-9836-6a7c3bcaa0e3: python cl
2025-02-01 13:10:54,931 INFO Agent fa3f9a81-a3f9-4733-9836-6a7c3bcaa0e3 executed command with result: 
2025-02-01 13:11:06,710 INFO Command sent to agent fa3f9a81-a3f9-4733-9836-6a7c3bcaa0e3: python cli/cli.py deploy-payload windows
2025-02-01 13:11:26,426 INFO Agent fa3f9a81-a3f9-4733-9836-6a7c3bcaa0e3 executed command with result: 
2025-02-01 13:23:41,042 INFO Command sent to agent fa3f9a81-a3f9-4733-9836-6a7c3bcaa0e3: python cli/cli.py .\windows_payloads.ps1
2025-02-01 13:23:42,151 INFO Agent fa3f9a81-a3f9-4733-9836-6a7c3bcaa0e3 executed command with result: 
2025-02-01 13:28:13,466 INFO New agent registered: fa3f9a81-a3f9-4733-9836-6a7c3bcaa0e3
2025-02-01 13:31:34,371 INFO Command sent to agent fa3f9a81-a3f9-4733-9836-6a7c3bcaa0e3: python cli/cli.py deploy-payload windows
2025-02-01 13:31:45,372 INFO Agent fa3f9a81-a3f9-4733-9836-6a7c3bcaa0e3 executed command with result: 
2025-02-01 13:37:17,311 INFO New agent registered: fa3f9a81-a3f9-4733-9836-6a7c3bcaa0e3
2025-02-01 13:38:14,381 INFO Command sent to agent fa3f9a81-a3f9-4733-9836-6a7c3bcaa0e3: .\windows_payload.ps1
2025-02-01 13:46:44,304 INFO Command sent to agent fa3f9a81-a3f9-4733-9836-6a7c3bcaa0e3: Get-ComputerInfo
2025-02-01 13:46:46,978 INFO Agent fa3f9a81-a3f9-4733-9836-6a7c3bcaa0e3 executed command with result: 

WindowsBuildLabEx                                       : 19041.1.amd64fre.vb_release.19120
                                                          6-1406
WindowsCurrentVersion                                   : 6.3
WindowsEditionId                                        : ProfessionalEducation
WindowsInstallationType                                 : Client
WindowsInstallDateFromRegistry                          : 25/01/2025 10:21:31
WindowsProductId                                        : 00380-00000-00001-AA060
WindowsProductName                                      : Windows 10 Pro Education
WindowsRegisteredOrganization                           : 
WindowsRegisteredOwner                                  : Tester
WindowsSystemRoot                                       : C:\Windows
WindowsVersion                                          : 2009
BiosCharacteristics                                     : {4, 7, 15, 16...}
BiosBIOSVersion                                         : {VBOX   - 1}
BiosBuildNumber                                         : 
BiosCaption                                             : Default System BIOS
BiosCodeSet                                             : 
BiosCurrentLanguage                                     : 
BiosDescription                                         : Default System BIOS
BiosEmbeddedControllerMajorVersion                      : 110
BiosEmbeddedControllerMinorVersion                      : 111
BiosFirmwareType                                        : Bios
BiosIdentificationCode                                  : 
BiosInstallableLanguages                                : 
BiosInstallDate                                         : 
BiosLanguageEdition                                     : 
BiosListOfLanguages                                     : 
BiosManufacturer                                        : innotek GmbH
BiosName                                                : Default System BIOS
BiosOtherTargetOS                                       : 
BiosPrimaryBIOS                                         : True
BiosReleaseDate                                         : 01/12/2006 00:00:00
BiosSeralNumber                                         : 0
BiosSMBIOSBIOSVersion                                   : VirtualBox
BiosSMBIOSMajorVersion                                  : 2
BiosSMBIOSMinorVersion                                  : 5
BiosSMBIOSPresent                                       : True
BiosSoftwareElementState                                : Running
BiosStatus                                              : OK
BiosSystemBiosMajorVersion                              : 105
BiosSystemBiosMinorVersion                              : 110
BiosTargetOperatingSystem                               : 0
BiosVersion                                             : VBOX   - 1
CsAdminPasswordStatus                                   : Unknown
CsAutomaticManagedPagefile                              : True
CsAutomaticResetBootOption                              : True
CsAutomaticResetCapability                              : True
CsBootOptionOnLimit                                     : 
CsBootOptionOnWatchDog                                  : 
CsBootROMSupported                                      : True
CsBootStatus                                            : 
CsBootupState                                           : Normal boot
CsCaption                                               : DESKTOP-T9BM19K
CsChassisBootupState                                    : Safe
CsChassisSKUNumber                                      : 
CsCurrentTimeZone                                       : 0
CsDaylightInEffect                                      : False
CsDescription                                           : AT/AT COMPATIBLE
CsDNSHostName                                           : DESKTOP-T9BM19K
CsDomain                                                : WORKGROUP
CsDomainRole                                            : StandaloneWorkstation
CsEnableDaylightSavingsTime                             : True
CsFrontPanelResetStatus                                 : Unknown
CsHypervisorPresent                                     : True
CsInfraredSupported                                     : False
CsInitialLoadInfo                                       : 
CsInstallDate                                           : 
CsKeyboardPasswordStatus                                : Unknown
CsLastLoadInfo                                          : 
CsManufacturer                                          : innotek GmbH
CsModel                                                 : VirtualBox
CsName                                                  : DESKTOP-T9BM19K
CsNetworkAdapters                                       : {Ethernet}
CsNetworkServerModeEnabled                              : True
CsNumberOfLogicalProcessors                             : 1
CsNumberOfProcessors                                    : 1
CsProcessors                                            : {Intel(R) Core(TM) i7-2600 CPU @ 
                                                          3.40GHz}
CsOEMStringArray                                        : {vboxVer_7.0.16, vboxRev_162802}
CsPartOfDomain                                          : False
CsPauseAfterReset                                       : -1
CsPCSystemType                                          : Desktop
CsPCSystemTypeEx                                        : Desktop
CsPowerManagementCapabilities                           : 
CsPowerManagementSupported                              : 
CsPowerOnPasswordStatus                                 : Unknown
CsPowerState                                            : Unknown
CsPowerSupplyState                                      : Safe
CsPrimaryOwnerContact                                   : 
CsPrimaryOwnerName                                      : Tester
CsResetCapability                                       : Other
CsResetCount                                            : -1
CsResetLimit                                            : -1
CsRoles                                                 : {LM_Workstation, LM_Server, NT}
CsStatus                                                : OK
CsSupportContactDescription                             : 
CsSystemFamily                                          : Virtual Machine
CsSystemSKUNumber                                       : 
CsSystemType                                            : x64-based PC
CsThermalState                                          : Safe
CsTotalPhysicalMemory                                   : 4294496256
CsPhyicallyInstalledMemory                              : 
CsUserName                                              : DESKTOP-T9BM19K\Tester
CsWakeUpType                                            : PowerSwitch
CsWorkgroup                                             : WORKGROUP
OsName                                                  : Microsoft Windows 10 Pro 
                                                          Education
OsType                                                  : WINNT
OsOperatingSystemSKU                                    : 164
OsVersion                                               : 10.0.19045
OsCSDVersion                                            : 
OsBuildNumber                                           : 19045
OsHotFixes                                              : {KB5049621, KB5022502, 
                                                          KB5011048, KB5015684...}
OsBootDevice                                            : \Device\HarddiskVolume1
OsSystemDevice                                          : \Device\HarddiskVolume2
OsSystemDirectory                                       : C:\Windows\system32
OsSystemDrive                                           : C:
OsWindowsDirectory                                      : C:\Windows
OsCountryCode                                           : 1
OsCurrentTimeZone                                       : 0
OsLocaleID                                              : 0409
OsLocale                                                : en-US
OsLocalDateTime                                         : 01/02/2025 13:46:40
OsLastBootUpTime                                        : 01/02/2025 09:00:56
OsUptime                                                : 04:45:43.9149521
OsBuildType                                             : Multiprocessor Free
OsCodeSet                                               : 1252
OsDataExecutionPreventionAvailable                      : True
OsDataExecutionPrevention32BitApplications              : True
OsDataExecutionPreventionDrivers                        : True
OsDataExecutionPreventionSupportPolicy                  : OptIn
OsDebug                                                 : False
OsDistributed                                           : False
OsEncryptionLevel                                       : 256
OsForegroundApplicationBoost                            : Maximum
OsTotalVisibleMemorySize                                : 4193844
OsFreePhysicalMemory                                    : 1894212
OsTotalVirtualMemorySize                                : 5635636
OsFreeVirtualMemory                                     : 3426268
OsInUseVirtualMemory                                    : 2209368
OsTotalSwapSpaceSize                                    : 
OsSizeStoredInPagingFiles                               : 1441792
OsFreeSpaceInPagingFiles                                : 1388980
OsPagingFiles                                           : {C:\pagefile.sys}
OsHardwareAbstractionLayer                              : 10.0.19041.5072
OsInstallDate                                           : 25/01/2025 10:21:31
OsManufacturer                                          : Microsoft Corporation
OsMaxNumberOfProcesses                                  : 4294967295
OsMaxProcessMemorySize                                  : 137438953344
OsMuiLanguages                                          : {en-US}
OsNumberOfLicensedUsers                                 : 
OsNumberOfProcesses                                     : 126
OsNumberOfUsers                                         : 2
OsOrganization                                          : 
OsArchitecture                                          : 64-bit
OsLanguage                                              : en-US
OsProductSuites                                         : {TerminalServicesSingleSession}
OsOtherTypeDescription                                  : 
OsPAEEnabled                                            : 
OsPortableOperatingSystem                               : False
OsPrimary                                               : True
OsProductType                                           : WorkStation
OsRegisteredUser                                        : Tester
OsSerialNumber                                          : 00380-00000-00001-AA060
OsServicePackMajorVersion                               : 0
OsServicePackMinorVersion                               : 0
OsStatus                                                : OK
OsSuites                                                : {TerminalServices, 
                                                          TerminalServicesSingleSession}
OsServerLevel                                           : 
KeyboardLayout                                          : en-GB
TimeZone                                                : (UTC+00:00) Dublin, Edinburgh, 
                                                          Lisbon, London
LogonServer                                             : \\DESKTOP-T9BM19K
PowerPlatformRole                                       : Desktop
HyperVisorPresent                                       : True
HyperVRequirementDataExecutionPreventionAvailable       : 
HyperVRequirementSecondLevelAddressTranslation          : 
HyperVRequirementVirtualizationFirmwareEnabled          : 
HyperVRequirementVMMonitorModeExtensions                : 
DeviceGuardSmartStatus                                  : Off
DeviceGuardRequiredSecurityProperties                   : 
DeviceGuardAvailableSecurityProperties                  : 
DeviceGuardSecurityServicesConfigured                   : 
DeviceGuardSecurityServicesRunning                      : 
DeviceGuardCodeIntegrityPolicyEnforcementStatus         : 
DeviceGuardUserModeCodeIntegrityPolicyEnforcementStatus : 




